<?xml version="1.0" encoding="UTF-8"?>
<!-- Generated by org.testng.reporters.JUnitXMLReporter -->
<testsuite ignored="0" hostname="DESKTOP-T7QCDAB" failures="1" tests="2" name="ChromeTest" time="72.136" errors="0" timestamp="2022-09-10T17:02:41 IST">
  <testcase classname="com.mystore.testcases.IndexPageTest" name="verifyLogo" time="0.289"/>
  <testcase classname="com.mystore.testcases.IndexPageTest" name="verifyTitle" time="0.015">
    <failure type="java.lang.AssertionError" message="expected [My Store1] but found [My Store]">
      <![CDATA[java.lang.AssertionError: expected [My Store1] but found [My Store]
at com.mystore.testcases.IndexPageTest.verifyTitle(IndexPageTest.java:42)
at java.base/java.util.ArrayList.forEach(ArrayList.java:1511)
... Removed 33 stack frames]]>
    </failure>
  </testcase> <!-- verifyTitle -->
</testsuite> <!-- ChromeTest -->
