<?xml version="1.0" encoding="UTF-8"?>
<!-- Generated by org.testng.reporters.JUnitXMLReporter -->
<testsuite ignored="0" hostname="DESKTOP-T7QCDAB" failures="3" tests="3" name="Test" time="0.115" errors="0" timestamp="2022-06-15T10:20:50 IST">
  <testcase classname="Run_Failed_Case.Run_Failed_Case.Test1" name="testwhatsapp" time="0.017">
    <failure type="java.lang.Error" message="Unresolved compilation problems: 
	Syntax error, insert &amp;quot;VariableDeclarators&amp;quot; to complete LocalVariableDeclaration
	Syntax error, insert &amp;quot;;&amp;quot; to complete BlockStatements
	println cannot be resolved or is not a field
	Syntax error, insert &amp;quot;AssignmentOperator Expression&amp;quot; to complete Expression
">
      <![CDATA[java.lang.Error: Unresolved compilation problems: 
Syntax error, insert "VariableDeclarators" to complete LocalVariableDeclaration
Syntax error, insert ";" to complete BlockStatements
println cannot be resolved or is not a field
Syntax error, insert "AssignmentOperator Expression" to complete Expression

at Run_Failed_Case.Run_Failed_Case.Test1.testwhatsapp(Test1.java:12)
at java.base/java.util.ArrayList.forEach(ArrayList.java:1511)
... Removed 27 stack frames]]>
    </failure>
  </testcase> <!-- testwhatsapp -->
  <testcase classname="Run_Failed_Case.Run_Failed_Case.Test2" name="testlinkedin" time="0.003">
    <failure type="java.lang.Error" message="Unresolved compilation problems: 
	Syntax error, insert &amp;quot;enum Identifier&amp;quot; to complete EnumHeaderName
	Syntax error, insert &amp;quot;EnumBody&amp;quot; to complete BlockStatements
">
      <![CDATA[java.lang.Error: Unresolved compilation problems: 
Syntax error, insert "enum Identifier" to complete EnumHeaderName
Syntax error, insert "EnumBody" to complete BlockStatements

at Run_Failed_Case.Run_Failed_Case.Test2.testlinkedin(Test2.java:8)
at java.base/java.util.ArrayList.forEach(ArrayList.java:1511)
... Removed 27 stack frames]]>
    </failure>
  </testcase> <!-- testlinkedin -->
  <testcase classname="Run_Failed_Case.Run_Failed_Case.Test3" name="testgoogle" time="0.005">
    <failure type="java.lang.Error" message="Unresolved compilation problems: 
	Syntax error, insert &amp;quot;enum Identifier&amp;quot; to complete EnumHeaderName
	Syntax error, insert &amp;quot;EnumBody&amp;quot; to complete BlockStatements
">
      <![CDATA[java.lang.Error: Unresolved compilation problems: 
Syntax error, insert "enum Identifier" to complete EnumHeaderName
Syntax error, insert "EnumBody" to complete BlockStatements

at Run_Failed_Case.Run_Failed_Case.Test3.testgoogle(Test3.java:8)
at java.base/java.util.ArrayList.forEach(ArrayList.java:1511)
... Removed 27 stack frames]]>
    </failure>
  </testcase> <!-- testgoogle -->
</testsuite> <!-- Test -->
