<!DOCTYPE html PUBLIC "-//W3C//DTD XHTML 1.1//EN" "https://www.w3.org/TR/xhtml11/DTD/xhtml11.dtd">
<html xmlns="https://www.w3.org/1999/xhtml">
<head>
<meta http-equiv="content-type" content="text/html; charset=UTF-8"/>
<title>TestNG Report</title>
<style type="text/css">table {margin-bottom:10px;border-collapse:collapse;empty-cells:show}th,td {border:1px solid #009;padding:.25em .5em}th {vertical-align:bottom}td {vertical-align:top}table a {font-weight:bold}.stripe td {background-color: #E6EBF9}.num {text-align:right}.passedodd td {background-color: #3F3}.passedeven td {background-color: #0A0}.skippedodd td {background-color: #DDD}.skippedeven td {background-color: #CCC}.failedodd td,.attn {background-color: #F33}.failedeven td,.stripe .attn {background-color: #D00}.stacktrace {white-space:pre;font-family:monospace}.totop {font-size:85%;text-align:center;border-bottom:2px solid #000}.invisible {display:none}</style>
</head>
<body>
<table>
<tr><th>Test</th><th># Passed</th><th># Skipped</th><th># Retried</th><th># Failed</th><th>Time (ms)</th><th>Included Groups</th><th>Excluded Groups</th></tr>
<tr><th colspan="8">Suite</th></tr>
<tr><td><a href="#t0">Test</a></td><td class="num">0</td><td class="num attn">10</td><td class="num">0</td><td class="num">0</td><td class="num">347</td><td></td><td></td></tr>
</table>
<table id='summary'><thead><tr><th>Class</th><th>Method</th><th>Start</th><th>Time (ms)</th></tr></thead><tbody><tr><th colspan="4">Suite</th></tr></tbody><tbody id="t0"><tr><th colspan="4">Test &#8212; failed (configuration methods)</th></tr><tr class="failedeven"><td rowspan="1">com.mystore.testcases.AccountCreationPageTest</td><td><a href="#m0">setup</a></td><td rowspan="1">1668691959812</td><td rowspan="1">-1668691959812</td></tr><tr class="failedodd"><td rowspan="1">com.mystore.testcases.AddToCartPageTest</td><td><a href="#m1">setup</a></td><td rowspan="1">1668691960020</td><td rowspan="1">-1668691960020</td></tr><tr class="failedeven"><td rowspan="1">com.mystore.testcases.EndToEndTest</td><td><a href="#m2">setup</a></td><td rowspan="1">1668691959796</td><td rowspan="1">-1668691959796</td></tr><tr class="failedodd"><td rowspan="1">com.mystore.testcases.HomePageTest</td><td><a href="#m3">setup</a></td><td rowspan="1">1668691959956</td><td rowspan="1">-1668691959956</td></tr><tr class="failedeven"><td rowspan="1">com.mystore.testcases.IndexPageTest</td><td><a href="#m4">setup</a></td><td rowspan="1">1668691959835</td><td rowspan="1">-1668691959835</td></tr><tr class="failedodd"><td rowspan="1">com.mystore.testcases.LoginPageTest</td><td><a href="#m5">setup</a></td><td rowspan="1">1668691959750</td><td rowspan="1">-1668691959750</td></tr><tr class="failedeven"><td rowspan="1">com.mystore.testcases.OrderPageTest</td><td><a href="#m6">setup</a></td><td rowspan="1">1668691960010</td><td rowspan="1">-1668691960010</td></tr><tr class="failedodd"><td rowspan="1">com.mystore.testcases.SearchResultPageTest</td><td><a href="#m7">setup</a></td><td rowspan="1">1668691959870</td><td rowspan="1">-1668691959870</td></tr><tr><th colspan="4">Test &#8212; skipped (configuration methods)</th></tr><tr class="skippedeven"><td rowspan="1">com.mystore.testcases.AccountCreationPageTest</td><td><a href="#m8">tearDown</a></td><td rowspan="1">1668691959828</td><td rowspan="1">-1668691959828</td></tr><tr class="skippedodd"><td rowspan="1">com.mystore.testcases.AddToCartPageTest</td><td><a href="#m9">tearDown</a></td><td rowspan="1">1668691960025</td><td rowspan="1">-1668691960025</td></tr><tr class="skippedeven"><td rowspan="1">com.mystore.testcases.EndToEndTest</td><td><a href="#m10">tearDown</a></td><td rowspan="1">1668691959808</td><td rowspan="1">-1668691959808</td></tr><tr class="skippedodd"><td rowspan="3">com.mystore.testcases.HomePageTest</td><td><a href="#m11">setup</a></td><td rowspan="1">1668691960001</td><td rowspan="1">-1668691960001</td></tr><tr class="skippedodd"><td><a href="#m12">tearDown</a></td><td rowspan="2">1668691959992</td><td rowspan="2">-1668691959992</td></tr><tr class="skippedodd"><td><a href="#m13">tearDown</a></td></tr><tr class="skippedeven"><td rowspan="3">com.mystore.testcases.IndexPageTest</td><td><a href="#m14">setup</a></td><td rowspan="1">1668691959849</td><td rowspan="1">-1668691959849</td></tr><tr class="skippedeven"><td><a href="#m15">tearDown</a></td><td rowspan="2">1668691959844</td><td rowspan="2">-1668691959844</td></tr><tr class="skippedeven"><td><a href="#m16">tearDown</a></td></tr><tr class="skippedodd"><td rowspan="1">com.mystore.testcases.LoginPageTest</td><td><a href="#m17">tearDown</a></td><td rowspan="1">1668691959787</td><td rowspan="1">-1668691959787</td></tr><tr class="skippedeven"><td rowspan="1">com.mystore.testcases.OrderPageTest</td><td><a href="#m18">tearDown</a></td><td rowspan="1">1668691960018</td><td rowspan="1">-1668691960018</td></tr><tr class="skippedodd"><td rowspan="1">com.mystore.testcases.SearchResultPageTest</td><td><a href="#m19">tearDown</a></td><td rowspan="1">1668691959953</td><td rowspan="1">-1668691959953</td></tr><tr><th colspan="4">Test &#8212; skipped</th></tr><tr class="skippedeven"><td rowspan="1">com.mystore.testcases.AccountCreationPageTest</td><td><a href="#m20">verifyCreateAccountPageTest</a></td><td rowspan="1">1668691959818</td><td rowspan="1">0</td></tr><tr class="skippedodd"><td rowspan="1">com.mystore.testcases.AddToCartPageTest</td><td><a href="#m21">addToCartTest</a></td><td rowspan="1">1668691960022</td><td rowspan="1">0</td></tr><tr class="skippedeven"><td rowspan="1">com.mystore.testcases.EndToEndTest</td><td><a href="#m22">endToEndTest</a></td><td rowspan="1">1668691959800</td><td rowspan="1">0</td></tr><tr class="skippedodd"><td rowspan="2">com.mystore.testcases.HomePageTest</td><td><a href="#m23">orderHistoryandDetailsTest</a></td><td rowspan="1">1668691959973</td><td rowspan="1">0</td></tr><tr class="skippedodd"><td><a href="#m24">wishListTest</a></td><td rowspan="1">1668691960003</td><td rowspan="1">0</td></tr><tr class="skippedeven"><td rowspan="2">com.mystore.testcases.IndexPageTest</td><td><a href="#m25">verifyLogo</a></td><td rowspan="1">1668691959839</td><td rowspan="1">0</td></tr><tr class="skippedeven"><td><a href="#m26">verifyTitle</a></td><td rowspan="1">1668691959851</td><td rowspan="1">0</td></tr><tr class="skippedodd"><td rowspan="1">com.mystore.testcases.LoginPageTest</td><td><a href="#m27">loginTest</a></td><td rowspan="1">1668691959773</td><td rowspan="1">0</td></tr><tr class="skippedeven"><td rowspan="1">com.mystore.testcases.OrderPageTest</td><td><a href="#m28">verifyTotalPrice</a></td><td rowspan="1">1668691960013</td><td rowspan="1">0</td></tr><tr class="skippedodd"><td rowspan="1">com.mystore.testcases.SearchResultPageTest</td><td><a href="#m29">productAvailabilityTest</a></td><td rowspan="1">1668691959882</td><td rowspan="1">0</td></tr></tbody>
</table>
<h2>Test</h2><h3 id="m0">com.mystore.testcases.AccountCreationPageTest#setup</h3><table class="result"><tr><th>Exception</th></tr><tr><td><div class="stacktrace">org.testng.TestNGException: 
Parameter &apos;browser&apos; is required by BeforeMethod on method setup but has not been marked @Optional or defined
in C:\Users\Tathagat\eclipse-workspace\MyStoreMavenProject\testng.xml
	at java.base/java.util.ArrayList.forEach(ArrayList.java:1511)
... Removed 28 stack frames</div></td></tr></table><p class="totop"><a href="#summary">back to summary</a></p>
<h3 id="m1">com.mystore.testcases.AddToCartPageTest#setup</h3><table class="result"><tr><th>Exception</th></tr><tr><td><div class="stacktrace">org.testng.TestNGException: 
Parameter &apos;browser&apos; is required by BeforeMethod on method setup but has not been marked @Optional or defined
in C:\Users\Tathagat\eclipse-workspace\MyStoreMavenProject\testng.xml
	at java.base/java.util.ArrayList.forEach(ArrayList.java:1511)
... Removed 28 stack frames</div></td></tr></table><p class="totop"><a href="#summary">back to summary</a></p>
<h3 id="m2">com.mystore.testcases.EndToEndTest#setup</h3><table class="result"><tr><th>Exception</th></tr><tr><td><div class="stacktrace">org.testng.TestNGException: 
Parameter &apos;browser&apos; is required by BeforeMethod on method setup but has not been marked @Optional or defined
in C:\Users\Tathagat\eclipse-workspace\MyStoreMavenProject\testng.xml
	at java.base/java.util.ArrayList.forEach(ArrayList.java:1511)
... Removed 28 stack frames</div></td></tr></table><p class="totop"><a href="#summary">back to summary</a></p>
<h3 id="m3">com.mystore.testcases.HomePageTest#setup</h3><table class="result"><tr><th>Exception</th></tr><tr><td><div class="stacktrace">org.testng.TestNGException: 
Parameter &apos;browser&apos; is required by BeforeMethod on method setup but has not been marked @Optional or defined
in C:\Users\Tathagat\eclipse-workspace\MyStoreMavenProject\testng.xml
	at java.base/java.util.ArrayList.forEach(ArrayList.java:1511)
... Removed 28 stack frames</div></td></tr></table><p class="totop"><a href="#summary">back to summary</a></p>
<h3 id="m4">com.mystore.testcases.IndexPageTest#setup</h3><table class="result"><tr><th>Exception</th></tr><tr><td><div class="stacktrace">org.testng.TestNGException: 
Parameter &apos;browser&apos; is required by BeforeMethod on method setup but has not been marked @Optional or defined
in C:\Users\Tathagat\eclipse-workspace\MyStoreMavenProject\testng.xml
	at java.base/java.util.ArrayList.forEach(ArrayList.java:1511)
... Removed 28 stack frames</div></td></tr></table><p class="totop"><a href="#summary">back to summary</a></p>
<h3 id="m5">com.mystore.testcases.LoginPageTest#setup</h3><table class="result"><tr><th>Exception</th></tr><tr><td><div class="stacktrace">org.testng.TestNGException: 
Parameter &apos;browser&apos; is required by BeforeMethod on method setup but has not been marked @Optional or defined
in C:\Users\Tathagat\eclipse-workspace\MyStoreMavenProject\testng.xml
	at java.base/java.util.ArrayList.forEach(ArrayList.java:1511)
... Removed 28 stack frames</div></td></tr></table><p class="totop"><a href="#summary">back to summary</a></p>
<h3 id="m6">com.mystore.testcases.OrderPageTest#setup</h3><table class="result"><tr><th>Exception</th></tr><tr><td><div class="stacktrace">org.testng.TestNGException: 
Parameter &apos;browser&apos; is required by BeforeMethod on method setup but has not been marked @Optional or defined
in C:\Users\Tathagat\eclipse-workspace\MyStoreMavenProject\testng.xml
	at java.base/java.util.ArrayList.forEach(ArrayList.java:1511)
... Removed 28 stack frames</div></td></tr></table><p class="totop"><a href="#summary">back to summary</a></p>
<h3 id="m7">com.mystore.testcases.SearchResultPageTest#setup</h3><table class="result"><tr><th>Exception</th></tr><tr><td><div class="stacktrace">org.testng.TestNGException: 
Parameter &apos;browser&apos; is required by BeforeMethod on method setup but has not been marked @Optional or defined
in C:\Users\Tathagat\eclipse-workspace\MyStoreMavenProject\testng.xml
	at java.base/java.util.ArrayList.forEach(ArrayList.java:1511)
... Removed 28 stack frames</div></td></tr></table><p class="totop"><a href="#summary">back to summary</a></p>
<h3 id="m8">com.mystore.testcases.AccountCreationPageTest#tearDown</h3><table class="result"><tr><th class="invisible"/></tr></table><p class="totop"><a href="#summary">back to summary</a></p>
<h3 id="m9">com.mystore.testcases.AddToCartPageTest#tearDown</h3><table class="result"><tr><th class="invisible"/></tr></table><p class="totop"><a href="#summary">back to summary</a></p>
<h3 id="m10">com.mystore.testcases.EndToEndTest#tearDown</h3><table class="result"><tr><th class="invisible"/></tr></table><p class="totop"><a href="#summary">back to summary</a></p>
<h3 id="m11">com.mystore.testcases.HomePageTest#setup</h3><table class="result"><tr><th class="invisible"/></tr></table><p class="totop"><a href="#summary">back to summary</a></p>
<h3 id="m12">com.mystore.testcases.HomePageTest#tearDown</h3><table class="result"><tr><th class="invisible"/></tr></table><p class="totop"><a href="#summary">back to summary</a></p>
<h3 id="m13">com.mystore.testcases.HomePageTest#tearDown</h3><table class="result"><tr><th class="invisible"/></tr></table><p class="totop"><a href="#summary">back to summary</a></p>
<h3 id="m14">com.mystore.testcases.IndexPageTest#setup</h3><table class="result"><tr><th class="invisible"/></tr></table><p class="totop"><a href="#summary">back to summary</a></p>
<h3 id="m15">com.mystore.testcases.IndexPageTest#tearDown</h3><table class="result"><tr><th class="invisible"/></tr></table><p class="totop"><a href="#summary">back to summary</a></p>
<h3 id="m16">com.mystore.testcases.IndexPageTest#tearDown</h3><table class="result"><tr><th class="invisible"/></tr></table><p class="totop"><a href="#summary">back to summary</a></p>
<h3 id="m17">com.mystore.testcases.LoginPageTest#tearDown</h3><table class="result"><tr><th class="invisible"/></tr></table><p class="totop"><a href="#summary">back to summary</a></p>
<h3 id="m18">com.mystore.testcases.OrderPageTest#tearDown</h3><table class="result"><tr><th class="invisible"/></tr></table><p class="totop"><a href="#summary">back to summary</a></p>
<h3 id="m19">com.mystore.testcases.SearchResultPageTest#tearDown</h3><table class="result"><tr><th class="invisible"/></tr></table><p class="totop"><a href="#summary">back to summary</a></p>
<h3 id="m20">com.mystore.testcases.AccountCreationPageTest#verifyCreateAccountPageTest</h3><table class="result"><tr><th>Exception</th></tr><tr><td><div class="stacktrace">org.testng.TestNGException: 
Parameter &apos;browser&apos; is required by BeforeMethod on method setup but has not been marked @Optional or defined
in C:\Users\Tathagat\eclipse-workspace\MyStoreMavenProject\testng.xml
	at java.base/java.util.ArrayList.forEach(ArrayList.java:1511)
... Removed 28 stack frames</div></td></tr></table><p class="totop"><a href="#summary">back to summary</a></p>
<h3 id="m21">com.mystore.testcases.AddToCartPageTest#addToCartTest</h3><table class="result"><tr><th>Exception</th></tr><tr><td><div class="stacktrace">org.testng.TestNGException: 
Parameter &apos;browser&apos; is required by BeforeMethod on method setup but has not been marked @Optional or defined
in C:\Users\Tathagat\eclipse-workspace\MyStoreMavenProject\testng.xml
	at java.base/java.util.ArrayList.forEach(ArrayList.java:1511)
... Removed 28 stack frames</div></td></tr></table><p class="totop"><a href="#summary">back to summary</a></p>
<h3 id="m22">com.mystore.testcases.EndToEndTest#endToEndTest</h3><table class="result"><tr><th>Exception</th></tr><tr><td><div class="stacktrace">org.testng.TestNGException: 
Parameter &apos;browser&apos; is required by BeforeMethod on method setup but has not been marked @Optional or defined
in C:\Users\Tathagat\eclipse-workspace\MyStoreMavenProject\testng.xml
	at java.base/java.util.ArrayList.forEach(ArrayList.java:1511)
... Removed 28 stack frames</div></td></tr></table><p class="totop"><a href="#summary">back to summary</a></p>
<h3 id="m23">com.mystore.testcases.HomePageTest#orderHistoryandDetailsTest</h3><table class="result"><tr><th>Exception</th></tr><tr><td><div class="stacktrace">org.testng.TestNGException: 
Parameter &apos;browser&apos; is required by BeforeMethod on method setup but has not been marked @Optional or defined
in C:\Users\Tathagat\eclipse-workspace\MyStoreMavenProject\testng.xml
	at java.base/java.util.ArrayList.forEach(ArrayList.java:1511)
... Removed 28 stack frames</div></td></tr></table><p class="totop"><a href="#summary">back to summary</a></p>
<h3 id="m24">com.mystore.testcases.HomePageTest#wishListTest</h3><table class="result"><tr><th>Exception</th></tr><tr><td><div class="stacktrace">org.testng.TestNGException: 
Parameter &apos;browser&apos; is required by BeforeMethod on method setup but has not been marked @Optional or defined
in C:\Users\Tathagat\eclipse-workspace\MyStoreMavenProject\testng.xml
	at java.base/java.util.ArrayList.forEach(ArrayList.java:1511)
... Removed 28 stack frames</div></td></tr></table><p class="totop"><a href="#summary">back to summary</a></p>
<h3 id="m25">com.mystore.testcases.IndexPageTest#verifyLogo</h3><table class="result"><tr><th>Exception</th></tr><tr><td><div class="stacktrace">org.testng.TestNGException: 
Parameter &apos;browser&apos; is required by BeforeMethod on method setup but has not been marked @Optional or defined
in C:\Users\Tathagat\eclipse-workspace\MyStoreMavenProject\testng.xml
	at java.base/java.util.ArrayList.forEach(ArrayList.java:1511)
... Removed 28 stack frames</div></td></tr></table><p class="totop"><a href="#summary">back to summary</a></p>
<h3 id="m26">com.mystore.testcases.IndexPageTest#verifyTitle</h3><table class="result"><tr><th>Exception</th></tr><tr><td><div class="stacktrace">org.testng.TestNGException: 
Parameter &apos;browser&apos; is required by BeforeMethod on method setup but has not been marked @Optional or defined
in C:\Users\Tathagat\eclipse-workspace\MyStoreMavenProject\testng.xml
	at java.base/java.util.ArrayList.forEach(ArrayList.java:1511)
... Removed 28 stack frames</div></td></tr></table><p class="totop"><a href="#summary">back to summary</a></p>
<h3 id="m27">com.mystore.testcases.LoginPageTest#loginTest</h3><table class="result"><tr><th>Exception</th></tr><tr><td><div class="stacktrace">org.testng.TestNGException: 
Parameter &apos;browser&apos; is required by BeforeMethod on method setup but has not been marked @Optional or defined
in C:\Users\Tathagat\eclipse-workspace\MyStoreMavenProject\testng.xml
	at java.base/java.util.ArrayList.forEach(ArrayList.java:1511)
... Removed 28 stack frames</div></td></tr></table><p class="totop"><a href="#summary">back to summary</a></p>
<h3 id="m28">com.mystore.testcases.OrderPageTest#verifyTotalPrice</h3><table class="result"><tr><th>Exception</th></tr><tr><td><div class="stacktrace">org.testng.TestNGException: 
Parameter &apos;browser&apos; is required by BeforeMethod on method setup but has not been marked @Optional or defined
in C:\Users\Tathagat\eclipse-workspace\MyStoreMavenProject\testng.xml
	at java.base/java.util.ArrayList.forEach(ArrayList.java:1511)
... Removed 28 stack frames</div></td></tr></table><p class="totop"><a href="#summary">back to summary</a></p>
<h3 id="m29">com.mystore.testcases.SearchResultPageTest#productAvailabilityTest</h3><table class="result"><tr><th>Exception</th></tr><tr><td><div class="stacktrace">org.testng.TestNGException: 
Parameter &apos;browser&apos; is required by BeforeMethod on method setup but has not been marked @Optional or defined
in C:\Users\Tathagat\eclipse-workspace\MyStoreMavenProject\testng.xml
	at java.base/java.util.ArrayList.forEach(ArrayList.java:1511)
... Removed 28 stack frames</div></td></tr></table><p class="totop"><a href="#summary">back to summary</a></p>
</body>
</html>
